[1008/182605.195:ERROR:directory_reader_win.cc(43)] FindFirstFile: The system cannot find the path specified. (0x3)
[1010/104253.350:ERROR:directory_reader_win.cc(43)] FindFirstFile: The system cannot find the path specified. (0x3)
[1027/173910.641:ERROR:directory_reader_win.cc(43)] FindFirstFile: The system cannot find the path specified. (0x3)
[1027/191836.508:ERROR:directory_reader_win.cc(43)] FindFirstFile: The system cannot find the path specified. (0x3)
[1029/115149.245:ERROR:directory_reader_win.cc(43)] FindFirstFile: The system cannot find the path specified. (0x3)
[1102/150329.149:ERROR:directory_reader_win.cc(43)] FindFirstFile: The system cannot find the path specified. (0x3)
[1102/152024.990:ERROR:directory_reader_win.cc(43)] FindFirstFile: The system cannot find the path specified. (0x3)
[1104/142558.948:ERROR:directory_reader_win.cc(43)] FindFirstFile: The system cannot find the path specified. (0x3)
[1105/070203.544:ERROR:process_reader_win.cc(151)] SuspendThread: Access is denied. (0x5)
[1105/070203.545:ERROR:process_reader_win.cc(151)] SuspendThread: Access is denied. (0x5)
[1105/070203.546:ERROR:process_reader_win.cc(151)] SuspendThread: Access is denied. (0x5)
[1105/070203.546:ERROR:process_reader_win.cc(151)] SuspendThread: Access is denied. (0x5)
[1105/070203.546:ERROR:process_reader_win.cc(151)] SuspendThread: Access is denied. (0x5)
[1105/070203.546:ERROR:process_reader_win.cc(151)] SuspendThread: Access is denied. (0x5)
[1105/070203.546:ERROR:process_reader_win.cc(151)] SuspendThread: Access is denied. (0x5)
[1105/070203.546:ERROR:process_reader_win.cc(151)] SuspendThread: Access is denied. (0x5)
[1105/070203.546:ERROR:process_reader_win.cc(151)] SuspendThread: Access is denied. (0x5)
[1105/070203.546:ERROR:process_reader_win.cc(151)] SuspendThread: Access is denied. (0x5)
[1105/070203.546:ERROR:process_reader_win.cc(151)] SuspendThread: Access is denied. (0x5)
[1105/070203.546:ERROR:process_reader_win.cc(151)] SuspendThread: Access is denied. (0x5)
[1105/070203.546:ERROR:process_reader_win.cc(151)] SuspendThread: Access is denied. (0x5)
[1105/070203.546:ERROR:process_reader_win.cc(151)] SuspendThread: Access is denied. (0x5)
[1105/070203.546:ERROR:process_reader_win.cc(151)] SuspendThread: Access is denied. (0x5)
[1105/070203.546:ERROR:process_reader_win.cc(151)] SuspendThread: Access is denied. (0x5)
[1105/070203.546:ERROR:process_reader_win.cc(151)] SuspendThread: Access is denied. (0x5)
[1105/070203.546:ERROR:process_reader_win.cc(151)] SuspendThread: Access is denied. (0x5)
[1105/070203.546:ERROR:process_reader_win.cc(151)] SuspendThread: Access is denied. (0x5)
[1105/070203.547:ERROR:process_reader_win.cc(151)] SuspendThread: Access is denied. (0x5)
[1105/070203.547:ERROR:process_reader_win.cc(151)] SuspendThread: Access is denied. (0x5)
[1105/070203.547:ERROR:process_reader_win.cc(151)] SuspendThread: Access is denied. (0x5)
[1105/070203.547:ERROR:process_reader_win.cc(151)] SuspendThread: Access is denied. (0x5)
[1105/070203.547:ERROR:process_reader_win.cc(151)] SuspendThread: Access is denied. (0x5)
[1105/070203.547:ERROR:process_reader_win.cc(151)] SuspendThread: Access is denied. (0x5)
[1105/070203.546:ERROR:process_reader_win.cc(123)] NtOpenThread: {Access Denied} A process has requested access to an object, but has not been granted those access rights. (0xc0000022)
[1105/070203.546:ERROR:process_reader_win.cc(123)] NtOpenThread: {Access Denied} A process has requested access to an object, but has not been granted those access rights. (0xc0000022)
[1105/070203.547:ERROR:process_reader_win.cc(151)] SuspendThread: Access is denied. (0x5)
[1105/070203.547:ERROR:exception_snapshot_win.cc(99)] thread ID 2304 not found in process
[1105/070203.547:ERROR:exception_snapshot_win.cc(99)] thread ID 4128 not found in process
[1105/070203.547:ERROR:process_reader_win.cc(123)] NtOpenThread: {Access Denied} A process has requested access to an object, but has not been granted those access rights. (0xc0000022)
[1105/070203.547:ERROR:exception_snapshot_win.cc(99)] thread ID 8368 not found in process
[1105/070203.564:ERROR:process_reader_win.cc(151)] SuspendThread: Access is denied. (0x5)
[1105/070203.564:ERROR:process_reader_win.cc(151)] SuspendThread: Access is denied. (0x5)
[1105/070203.564:ERROR:process_reader_win.cc(151)] SuspendThread: Access is denied. (0x5)
[1105/070203.564:ERROR:process_reader_win.cc(151)] SuspendThread: Access is denied. (0x5)
[1105/070203.564:ERROR:process_reader_win.cc(151)] SuspendThread: Access is denied. (0x5)
[1105/070203.564:ERROR:process_reader_win.cc(151)] SuspendThread: Access is denied. (0x5)
[1105/070203.564:ERROR:process_reader_win.cc(151)] SuspendThread: Access is denied. (0x5)
[1105/070203.564:ERROR:process_reader_win.cc(151)] SuspendThread: Access is denied. (0x5)
[1105/070203.564:ERROR:process_reader_win.cc(151)] SuspendThread: Access is denied. (0x5)
[1105/070203.564:ERROR:process_reader_win.cc(151)] SuspendThread: Access is denied. (0x5)
[1105/070203.564:ERROR:process_reader_win.cc(151)] SuspendThread: Access is denied. (0x5)
[1105/070203.564:ERROR:process_reader_win.cc(151)] SuspendThread: Access is denied. (0x5)
[1105/070203.565:ERROR:process_reader_win.cc(123)] NtOpenThread: {Access Denied} A process has requested access to an object, but has not been granted those access rights. (0xc0000022)
[1105/070203.565:ERROR:exception_snapshot_win.cc(99)] thread ID 12128 not found in process
[1105/070203.574:ERROR:process_reader_win.cc(151)] SuspendThread: Access is denied. (0x5)
[1105/070203.574:ERROR:process_reader_win.cc(151)] SuspendThread: Access is denied. (0x5)
[1105/070203.575:ERROR:process_reader_win.cc(151)] SuspendThread: Access is denied. (0x5)
[1105/070203.575:ERROR:process_reader_win.cc(151)] SuspendThread: Access is denied. (0x5)
[1105/070203.575:ERROR:process_reader_win.cc(151)] SuspendThread: Access is denied. (0x5)
[1105/070203.575:ERROR:process_reader_win.cc(151)] SuspendThread: Access is denied. (0x5)
[1105/070203.575:ERROR:process_reader_win.cc(151)] SuspendThread: Access is denied. (0x5)
[1105/070203.575:ERROR:process_reader_win.cc(151)] SuspendThread: Access is denied. (0x5)
[1105/070203.575:ERROR:process_reader_win.cc(151)] SuspendThread: Access is denied. (0x5)
[1105/070203.575:ERROR:process_reader_win.cc(151)] SuspendThread: Access is denied. (0x5)
[1105/070203.575:ERROR:process_reader_win.cc(151)] SuspendThread: Access is denied. (0x5)
[1105/070203.575:ERROR:process_reader_win.cc(151)] SuspendThread: Access is denied. (0x5)
[1105/070203.575:ERROR:process_reader_win.cc(123)] NtOpenThread: {Access Denied} A process has requested access to an object, but has not been granted those access rights. (0xc0000022)
[1105/070203.575:ERROR:process_reader_win.cc(151)] SuspendThread: Access is denied. (0x5)
[1105/070203.575:ERROR:process_reader_win.cc(151)] SuspendThread: Access is denied. (0x5)
[1105/070203.575:ERROR:exception_snapshot_win.cc(99)] thread ID 8400 not found in process
[1105/070203.575:ERROR:process_reader_win.cc(151)] SuspendThread: Access is denied. (0x5)
[1105/070203.575:ERROR:process_reader_win.cc(151)] SuspendThread: Access is denied. (0x5)
[1105/070203.575:ERROR:process_reader_win.cc(151)] SuspendThread: Access is denied. (0x5)
[1105/070203.575:ERROR:process_reader_win.cc(151)] SuspendThread: Access is denied. (0x5)
[1105/070203.575:ERROR:process_reader_win.cc(151)] SuspendThread: Access is denied. (0x5)
[1105/070203.575:ERROR:process_reader_win.cc(151)] SuspendThread: Access is denied. (0x5)
[1105/070203.575:ERROR:process_reader_win.cc(151)] SuspendThread: Access is denied. (0x5)
[1105/070203.575:ERROR:process_reader_win.cc(151)] SuspendThread: Access is denied. (0x5)
[1105/070203.575:ERROR:process_reader_win.cc(151)] SuspendThread: Access is denied. (0x5)
[1105/070203.575:ERROR:process_reader_win.cc(151)] SuspendThread: Access is denied. (0x5)
[1105/070203.575:ERROR:process_reader_win.cc(123)] NtOpenThread: {Access Denied} A process has requested access to an object, but has not been granted those access rights. (0xc0000022)
[1105/070203.576:ERROR:exception_snapshot_win.cc(99)] thread ID 13468 not found in process
[1105/070203.589:ERROR:process_reader_win.cc(151)] SuspendThread: Access is denied. (0x5)
[1105/070203.589:ERROR:process_reader_win.cc(151)] SuspendThread: Access is denied. (0x5)
[1105/070203.589:ERROR:process_reader_win.cc(123)] NtOpenThread: {Access Denied} A process has requested access to an object, but has not been granted those access rights. (0xc0000022)
[1105/070203.590:ERROR:exception_snapshot_win.cc(99)] thread ID 796 not found in process
[1105/070203.596:ERROR:process_reader_win.cc(123)] NtOpenThread: {Access Denied} A process has requested access to an object, but has not been granted those access rights. (0xc0000022)
[1105/070203.596:ERROR:exception_snapshot_win.cc(99)] thread ID 7704 not found in process
[1105/150002.091:ERROR:directory_reader_win.cc(43)] FindFirstFile: The system cannot find the path specified. (0x3)
[1109/145332.293:ERROR:filesystem_win.cc(129)] GetFileAttributes C:\Users\Shawn\AppData\Local\BraveSoftware\Brave-Browser\User Data\Crashpad\attachments\5414cef3-c4ef-41c4-b0e5-f23b6f069639: The system cannot find the path specified. (0x3)
[1109/145332.295:ERROR:directory_reader_win.cc(43)] FindFirstFile: The system cannot find the path specified. (0x3)
